# JRE version: OpenJDK Runtime Environment (8.0_242-b01) (build 1.8.0_242-release-1644-b01)
# Java VM: OpenJDK 64-Bit Server VM (25.242-b01 mixed mode windows-amd64 compressed oops)
Heap:
 PSYoungGen      total 254976K, used 229192K [0x00000000d5580000, 0x00000000ead00000, 0x0000000100000000)
  eden space 240640K, 95% used [0x00000000d5580000,0x00000000e3552308,0x00000000e4080000)
  from space 14336K, 0% used [0x00000000e4080000,0x00000000e4080000,0x00000000e4e80000)
  to   space 14336K, 0% used [0x00000000e9f00000,0x00000000e9f00000,0x00000000ead00000)
 ParOldGen       total 80384K, used 15581K [0x0000000080000000, 0x0000000084e80000, 0x00000000d5580000)
  object space 80384K, 19% used [0x0000000080000000,0x0000000080f374b0,0x0000000084e80000)
 Metaspace       used 47102K, capacity 49208K, committed 49496K, reserved 1091584K
  class space    used 6357K, capacity 6778K, committed 6784K, reserved 1048576K
GC Heap History (10 events):
Event: 8.201 GC heap before
{Heap before GC invocations=5 (full 0):
 PSYoungGen      total 128000K, used 19983K [0x00000000d5580000, 0x00000000dd780000, 0x0000000100000000)
  eden space 122880K, 12% used [0x00000000d5580000,0x00000000d640bed8,0x00000000dcd80000)
  from space 5120K, 99% used [0x00000000dd280000,0x00000000dd778030,0x00000000dd780000)
  to   space 5120K, 0% used [0x00000000dcd80000,0x00000000dcd80000,0x00000000dd280000)
 ParOldGen       total 81920K, used 9416K [0x0000000080000000, 0x0000000085000000, 0x00000000d5580000)
  object space 81920K, 11% used [0x0000000080000000,0x0000000080932380,0x0000000085000000)
 Metaspace       used 20503K, capacity 21210K, committed 21248K, reserved 1067008K
  class space    used 2857K, capacity 3035K, committed 3072K, reserved 1048576K
Event: 8.217 GC heap after
Heap after GC invocations=5 (full 0):
 PSYoungGen      total 128000K, used 5108K [0x00000000d5580000, 0x00000000e5c80000, 0x0000000100000000)
  eden space 122880K, 0% used [0x00000000d5580000,0x00000000d5580000,0x00000000dcd80000)
  from space 5120K, 99% used [0x00000000dcd80000,0x00000000dd27d060,0x00000000dd280000)
  to   space 11776K, 0% used [0x00000000e5100000,0x00000000e5100000,0x00000000e5c80000)
 ParOldGen       total 81920K, used 10622K [0x0000000080000000, 0x0000000085000000, 0x00000000d5580000)
  object space 81920K, 12% used [0x0000000080000000,0x0000000080a5f8e0,0x0000000085000000)
 Metaspace       used 20503K, capacity 21210K, committed 21248K, reserved 1067008K
  class space    used 2857K, capacity 3035K, committed 3072K, reserved 1048576K
}
Event: 8.217 GC heap before
{Heap before GC invocations=6 (full 1):
 PSYoungGen      total 128000K, used 5108K [0x00000000d5580000, 0x00000000e5c80000, 0x0000000100000000)
  eden space 122880K, 0% used [0x00000000d5580000,0x00000000d5580000,0x00000000dcd80000)
  from space 5120K, 99% used [0x00000000dcd80000,0x00000000dd27d060,0x00000000dd280000)
  to   space 11776K, 0% used [0x00000000e5100000,0x00000000e5100000,0x00000000e5c80000)
 ParOldGen       total 81920K, used 10622K [0x0000000080000000, 0x0000000085000000, 0x00000000d5580000)
  object space 81920K, 12% used [0x0000000080000000,0x0000000080a5f8e0,0x0000000085000000)
 Metaspace       used 20503K, capacity 21210K, committed 21248K, reserved 1067008K
  class space    used 2857K, capacity 3035K, committed 3072K, reserved 1048576K
Event: 8.297 GC heap after
Heap after GC invocations=6 (full 1):
 PSYoungGen      total 128000K, used 0K [0x00000000d5580000, 0x00000000e5c80000, 0x0000000100000000)
  eden space 122880K, 0% used [0x00000000d5580000,0x00000000d5580000,0x00000000dcd80000)
  from space 5120K, 0% used [0x00000000dcd80000,0x00000000dcd80000,0x00000000dd280000)
  to   space 11776K, 0% used [0x00000000e5100000,0x00000000e5100000,0x00000000e5c80000)
 ParOldGen       total 54272K, used 7561K [0x0000000080000000, 0x0000000083500000, 0x00000000d5580000)
  object space 54272K, 13% used [0x0000000080000000,0x00000000807627a8,0x0000000083500000)
 Metaspace       used 20503K, capacity 21210K, committed 21248K, reserved 1067008K
  class space    used 2857K, capacity 3035K, committed 3072K, reserved 1048576K
}
Event: 13.893 GC heap before
{Heap before GC invocations=7 (full 1):
 PSYoungGen      total 128000K, used 122880K [0x00000000d5580000, 0x00000000e5c80000, 0x0000000100000000)
  eden space 122880K, 100% used [0x00000000d5580000,0x00000000dcd80000,0x00000000dcd80000)
  from space 5120K, 0% used [0x00000000dcd80000,0x00000000dcd80000,0x00000000dd280000)
  to   space 11776K, 0% used [0x00000000e5100000,0x00000000e5100000,0x00000000e5c80000)
 ParOldGen       total 54272K, used 7561K [0x0000000080000000, 0x0000000083500000, 0x00000000d5580000)
  object space 54272K, 13% used [0x0000000080000000,0x00000000807627a8,0x0000000083500000)
 Metaspace       used 31963K, capacity 33124K, committed 33408K, reserved 1077248K
  class space    used 4319K, capacity 4619K, committed 4736K, reserved 1048576K
Event: 13.925 GC heap after
Heap after GC invocations=7 (full 1):
 PSYoungGen      total 213504K, used 11767K [0x00000000d5580000, 0x00000000e5c80000, 0x0000000100000000)
  eden space 201728K, 0% used [0x00000000d5580000,0x00000000d5580000,0x00000000e1a80000)
  from space 11776K, 99% used [0x00000000e5100000,0x00000000e5c7dfa8,0x00000000e5c80000)
  to   space 14336K, 0% used [0x00000000e4080000,0x00000000e4080000,0x00000000e4e80000)
 ParOldGen       total 54272K, used 8224K [0x0000000080000000, 0x0000000083500000, 0x00000000d5580000)
  object space 54272K, 15% used [0x0000000080000000,0x0000000080808288,0x0000000083500000)
 Metaspace       used 31963K, capacity 33124K, committed 33408K, reserved 1077248K
  class space    used 4319K, capacity 4619K, committed 4736K, reserved 1048576K
}
Event: 16.715 GC heap before
{Heap before GC invocations=8 (full 1):
 PSYoungGen      total 213504K, used 57058K [0x00000000d5580000, 0x00000000e5c80000, 0x0000000100000000)
  eden space 201728K, 22% used [0x00000000d5580000,0x00000000d81ba9a0,0x00000000e1a80000)
  from space 11776K, 99% used [0x00000000e5100000,0x00000000e5c7dfa8,0x00000000e5c80000)
  to   space 14336K, 0% used [0x00000000e4080000,0x00000000e4080000,0x00000000e4e80000)
 ParOldGen       total 54272K, used 8224K [0x0000000080000000, 0x0000000083500000, 0x00000000d5580000)
  object space 54272K, 15% used [0x0000000080000000,0x0000000080808288,0x0000000083500000)
 Metaspace       used 33945K, capacity 35274K, committed 35416K, reserved 1079296K
  class space    used 4586K, capacity 4912K, committed 4992K, reserved 1048576K
Event: 16.733 GC heap after
Heap after GC invocations=8 (full 1):
 PSYoungGen      total 254976K, used 9239K [0x00000000d5580000, 0x00000000ead00000, 0x0000000100000000)
  eden space 240640K, 0% used [0x00000000d5580000,0x00000000d5580000,0x00000000e4080000)
  from space 14336K, 64% used [0x00000000e4080000,0x00000000e4985fa0,0x00000000e4e80000)
  to   space 14336K, 0% used [0x00000000e9f00000,0x00000000e9f00000,0x00000000ead00000)
 ParOldGen       total 54272K, used 8232K [0x0000000080000000, 0x0000000083500000, 0x00000000d5580000)
  object space 54272K, 15% used [0x0000000080000000,0x000000008080a288,0x0000000083500000)
 Metaspace       used 33945K, capacity 35274K, committed 35416K, reserved 1079296K
  class space    used 4586K, capacity 4912K, committed 4992K, reserved 1048576K
}
Event: 16.733 GC heap before
{Heap before GC invocations=9 (full 2):
 PSYoungGen      total 254976K, used 9239K [0x00000000d5580000, 0x00000000ead00000, 0x0000000100000000)
  eden space 240640K, 0% used [0x00000000d5580000,0x00000000d5580000,0x00000000e4080000)
  from space 14336K, 64% used [0x00000000e4080000,0x00000000e4985fa0,0x00000000e4e80000)
  to   space 14336K, 0% used [0x00000000e9f00000,0x00000000e9f00000,0x00000000ead00000)
 ParOldGen       total 54272K, used 8232K [0x0000000080000000, 0x0000000083500000, 0x00000000d5580000)
  object space 54272K, 15% used [0x0000000080000000,0x000000008080a288,0x0000000083500000)
 Metaspace       used 33945K, capacity 35274K, committed 35416K, reserved 1079296K
  class space    used 4586K, capacity 4912K, committed 4992K, reserved 1048576K
Event: 16.853 GC heap after
Heap after GC invocations=9 (full 2):
 PSYoungGen      total 254976K, used 0K [0x00000000d5580000, 0x00000000ead00000, 0x0000000100000000)
  eden space 240640K, 0% used [0x00000000d5580000,0x00000000d5580000,0x00000000e4080000)
  from space 14336K, 0% used [0x00000000e4080000,0x00000000e4080000,0x00000000e4e80000)
  to   space 14336K, 0% used [0x00000000e9f00000,0x00000000e9f00000,0x00000000ead00000)
 ParOldGen       total 80384K, used 15581K [0x0000000080000000, 0x0000000084e80000, 0x00000000d5580000)
  object space 80384K, 19% used [0x0000000080000000,0x0000000080f374b0,0x0000000084e80000)
 Metaspace       used 33945K, capacity 35274K, committed 35416K, reserved 1079296K
  class space    used 4586K, capacity 4912K, committed 4992K, reserved 1048576K
}

