# JRE version: OpenJDK Runtime Environment (8.0_242-b01) (build 1.8.0_242-release-1644-b01)
# Java VM: OpenJDK 64-Bit Server VM (25.242-b01 mixed mode windows-amd64 compressed oops)
Heap:
 PSYoungGen      total 90112K, used 50188K [0x00000000d5580000, 0x00000000dc380000, 0x0000000100000000)
  eden space 77312K, 48% used [0x00000000d5580000,0x00000000d7a03d10,0x00000000da100000)
  from space 12800K, 99% used [0x00000000db000000,0x00000000dbc7f328,0x00000000dbc80000)
  to   space 15360K, 0% used [0x00000000da100000,0x00000000da100000,0x00000000db000000)
 ParOldGen       total 92672K, used 17852K [0x0000000080000000, 0x0000000085a80000, 0x00000000d5580000)
  object space 92672K, 19% used [0x0000000080000000,0x000000008116f000,0x0000000085a80000)
 Metaspace       used 50821K, capacity 52792K, committed 53032K, reserved 1095680K
  class space    used 6797K, capacity 7204K, committed 7216K, reserved 1048576K
GC Heap History (10 events):
Event: 19.083 GC heap before
{Heap before GC invocations=12 (full 1):
 PSYoungGen      total 64000K, used 40639K [0x00000000d5580000, 0x00000000daa80000, 0x0000000100000000)
  eden space 53248K, 60% used [0x00000000d5580000,0x00000000d7501730,0x00000000d8980000)
  from space 10752K, 77% used [0x00000000d9480000,0x00000000d9cae748,0x00000000d9f00000)
  to   space 11264K, 0% used [0x00000000d8980000,0x00000000d8980000,0x00000000d9480000)
 ParOldGen       total 58368K, used 7690K [0x0000000080000000, 0x0000000083900000, 0x00000000d5580000)
  object space 58368K, 13% used [0x0000000080000000,0x0000000080782820,0x0000000083900000)
 Metaspace       used 34257K, capacity 35412K, committed 35496K, reserved 1079296K
  class space    used 4713K, capacity 5001K, committed 5040K, reserved 1048576K
Event: 19.095 GC heap after
Heap after GC invocations=12 (full 1):
 PSYoungGen      total 64512K, used 8228K [0x00000000d5580000, 0x00000000dad00000, 0x0000000100000000)
  eden space 53248K, 0% used [0x00000000d5580000,0x00000000d5580000,0x00000000d8980000)
  from space 11264K, 73% used [0x00000000d8980000,0x00000000d91891f0,0x00000000d9480000)
  to   space 11776K, 0% used [0x00000000da180000,0x00000000da180000,0x00000000dad00000)
 ParOldGen       total 58368K, used 7698K [0x0000000080000000, 0x0000000083900000, 0x00000000d5580000)
  object space 58368K, 13% used [0x0000000080000000,0x0000000080784820,0x0000000083900000)
 Metaspace       used 34257K, capacity 35412K, committed 35496K, reserved 1079296K
  class space    used 4713K, capacity 5001K, committed 5040K, reserved 1048576K
}
Event: 19.095 GC heap before
{Heap before GC invocations=13 (full 2):
 PSYoungGen      total 64512K, used 8228K [0x00000000d5580000, 0x00000000dad00000, 0x0000000100000000)
  eden space 53248K, 0% used [0x00000000d5580000,0x00000000d5580000,0x00000000d8980000)
  from space 11264K, 73% used [0x00000000d8980000,0x00000000d91891f0,0x00000000d9480000)
  to   space 11776K, 0% used [0x00000000da180000,0x00000000da180000,0x00000000dad00000)
 ParOldGen       total 58368K, used 7698K [0x0000000080000000, 0x0000000083900000, 0x00000000d5580000)
  object space 58368K, 13% used [0x0000000080000000,0x0000000080784820,0x0000000083900000)
 Metaspace       used 34257K, capacity 35412K, committed 35496K, reserved 1079296K
  class space    used 4713K, capacity 5001K, committed 5040K, reserved 1048576K
Event: 19.195 GC heap after
Heap after GC invocations=13 (full 2):
 PSYoungGen      total 64512K, used 0K [0x00000000d5580000, 0x00000000dad00000, 0x0000000100000000)
  eden space 53248K, 0% used [0x00000000d5580000,0x00000000d5580000,0x00000000d8980000)
  from space 11264K, 0% used [0x00000000d8980000,0x00000000d8980000,0x00000000d9480000)
  to   space 11776K, 0% used [0x00000000da180000,0x00000000da180000,0x00000000dad00000)
 ParOldGen       total 92672K, used 14614K [0x0000000080000000, 0x0000000085a80000, 0x00000000d5580000)
  object space 92672K, 15% used [0x0000000080000000,0x0000000080e45a70,0x0000000085a80000)
 Metaspace       used 34257K, capacity 35412K, committed 35496K, reserved 1079296K
  class space    used 4713K, capacity 5001K, committed 5040K, reserved 1048576K
}
Event: 29.128 GC heap before
{Heap before GC invocations=14 (full 2):
 PSYoungGen      total 64512K, used 53248K [0x00000000d5580000, 0x00000000dad00000, 0x0000000100000000)
  eden space 53248K, 100% used [0x00000000d5580000,0x00000000d8980000,0x00000000d8980000)
  from space 11264K, 0% used [0x00000000d8980000,0x00000000d8980000,0x00000000d9480000)
  to   space 11776K, 0% used [0x00000000da180000,0x00000000da180000,0x00000000dad00000)
 ParOldGen       total 92672K, used 14614K [0x0000000080000000, 0x0000000085a80000, 0x00000000d5580000)
  object space 92672K, 15% used [0x0000000080000000,0x0000000080e45a70,0x0000000085a80000)
 Metaspace       used 36276K, capacity 37670K, committed 37800K, reserved 1081344K
  class space    used 4979K, capacity 5288K, committed 5296K, reserved 1048576K
Event: 29.170 GC heap after
Heap after GC invocations=14 (full 2):
 PSYoungGen      total 75776K, used 4443K [0x00000000d5580000, 0x00000000dab80000, 0x0000000100000000)
  eden space 65536K, 0% used [0x00000000d5580000,0x00000000d5580000,0x00000000d9580000)
  from space 10240K, 43% used [0x00000000da180000,0x00000000da5d6ed8,0x00000000dab80000)
  to   space 11264K, 0% used [0x00000000d9580000,0x00000000d9580000,0x00000000da080000)
 ParOldGen       total 92672K, used 14622K [0x0000000080000000, 0x0000000085a80000, 0x00000000d5580000)
  object space 92672K, 15% used [0x0000000080000000,0x0000000080e47a70,0x0000000085a80000)
 Metaspace       used 36276K, capacity 37670K, committed 37800K, reserved 1081344K
  class space    used 4979K, capacity 5288K, committed 5296K, reserved 1048576K
}
Event: 38.138 GC heap before
{Heap before GC invocations=15 (full 2):
 PSYoungGen      total 75776K, used 69979K [0x00000000d5580000, 0x00000000dab80000, 0x0000000100000000)
  eden space 65536K, 100% used [0x00000000d5580000,0x00000000d9580000,0x00000000d9580000)
  from space 10240K, 43% used [0x00000000da180000,0x00000000da5d6ed8,0x00000000dab80000)
  to   space 11264K, 0% used [0x00000000d9580000,0x00000000d9580000,0x00000000da080000)
 ParOldGen       total 92672K, used 14622K [0x0000000080000000, 0x0000000085a80000, 0x00000000d5580000)
  object space 92672K, 15% used [0x0000000080000000,0x0000000080e47a70,0x0000000085a80000)
 Metaspace       used 42705K, capacity 44384K, committed 44584K, reserved 1087488K
  class space    used 5808K, capacity 6170K, committed 6192K, reserved 1048576K
Event: 38.188 GC heap after
Heap after GC invocations=15 (full 2):
 PSYoungGen      total 76800K, used 10916K [0x00000000d5580000, 0x00000000dbc80000, 0x0000000100000000)
  eden space 65536K, 0% used [0x00000000d5580000,0x00000000d5580000,0x00000000d9580000)
  from space 11264K, 96% used [0x00000000d9580000,0x00000000da0291e0,0x00000000da080000)
  to   space 12800K, 0% used [0x00000000db000000,0x00000000db000000,0x00000000dbc80000)
 ParOldGen       total 92672K, used 14630K [0x0000000080000000, 0x0000000085a80000, 0x00000000d5580000)
  object space 92672K, 15% used [0x0000000080000000,0x0000000080e49a70,0x0000000085a80000)
 Metaspace       used 42705K, capacity 44384K, committed 44584K, reserved 1087488K
  class space    used 5808K, capacity 6170K, committed 6192K, reserved 1048576K
}
Event: 43.931 GC heap before
{Heap before GC invocations=16 (full 2):
 PSYoungGen      total 76800K, used 76452K [0x00000000d5580000, 0x00000000dbc80000, 0x0000000100000000)
  eden space 65536K, 100% used [0x00000000d5580000,0x00000000d9580000,0x00000000d9580000)
  from space 11264K, 96% used [0x00000000d9580000,0x00000000da0291e0,0x00000000da080000)
  to   space 12800K, 0% used [0x00000000db000000,0x00000000db000000,0x00000000dbc80000)
 ParOldGen       total 92672K, used 14630K [0x0000000080000000, 0x0000000085a80000, 0x00000000d5580000)
  object space 92672K, 15% used [0x0000000080000000,0x0000000080e49a70,0x0000000085a80000)
 Metaspace       used 48252K, capacity 50114K, committed 50472K, reserved 1093632K
  class space    used 6483K, capacity 6851K, committed 6960K, reserved 1048576K
Event: 44.007 GC heap after
Heap after GC invocations=16 (full 2):
 PSYoungGen      total 90112K, used 12796K [0x00000000d5580000, 0x00000000dc380000, 0x0000000100000000)
  eden space 77312K, 0% used [0x00000000d5580000,0x00000000d5580000,0x00000000da100000)
  from space 12800K, 99% used [0x00000000db000000,0x00000000dbc7f328,0x00000000dbc80000)
  to   space 15360K, 0% used [0x00000000da100000,0x00000000da100000,0x00000000db000000)
 ParOldGen       total 92672K, used 17852K [0x0000000080000000, 0x0000000085a80000, 0x00000000d5580000)
  object space 92672K, 19% used [0x0000000080000000,0x000000008116f000,0x0000000085a80000)
 Metaspace       used 48252K, capacity 50114K, committed 50472K, reserved 1093632K
  class space    used 6483K, capacity 6851K, committed 6960K, reserved 1048576K
}

