# JRE version: OpenJDK Runtime Environment (8.0_242-b01) (build 1.8.0_242-release-1644-b01)
# Java VM: OpenJDK 64-Bit Server VM (25.242-b01 mixed mode windows-amd64 compressed oops)
Heap:
 PSYoungGen      total 438784K, used 245313K [0x00000000d5580000, 0x00000000f9980000, 0x0000000100000000)
  eden space 409600K, 52% used [0x00000000d5580000,0x00000000e2893a90,0x00000000ee580000)
  from space 29184K, 99% used [0x00000000ee580000,0x00000000f01fc9f8,0x00000000f0200000)
  to   space 41472K, 0% used [0x00000000f7100000,0x00000000f7100000,0x00000000f9980000)
 ParOldGen       total 125440K, used 60320K [0x0000000080000000, 0x0000000087a80000, 0x00000000d5580000)
  object space 125440K, 48% used [0x0000000080000000,0x0000000083ae8248,0x0000000087a80000)
 Metaspace       used 79966K, capacity 84392K, committed 84760K, reserved 1122304K
  class space    used 10898K, capacity 11699K, committed 11824K, reserved 1048576K
GC Heap History (10 events):
Event: 32.237 GC heap before
{Heap before GC invocations=10 (full 2):
 PSYoungGen      total 254464K, used 239616K [0x00000000d5580000, 0x00000000eb080000, 0x0000000100000000)
  eden space 239616K, 100% used [0x00000000d5580000,0x00000000e3f80000,0x00000000e3f80000)
  from space 14848K, 0% used [0x00000000e3f80000,0x00000000e3f80000,0x00000000e4e00000)
  to   space 14336K, 0% used [0x00000000ea280000,0x00000000ea280000,0x00000000eb080000)
 ParOldGen       total 83456K, used 14572K [0x0000000080000000, 0x0000000085180000, 0x00000000d5580000)
  object space 83456K, 17% used [0x0000000080000000,0x0000000080e3b178,0x0000000085180000)
 Metaspace       used 48234K, capacity 50096K, committed 50344K, reserved 1093632K
  class space    used 6476K, capacity 6824K, committed 6832K, reserved 1048576K
Event: 32.299 GC heap after
Heap after GC invocations=10 (full 2):
 PSYoungGen      total 335360K, used 14323K [0x00000000d5580000, 0x00000000ed480000, 0x0000000100000000)
  eden space 321024K, 0% used [0x00000000d5580000,0x00000000d5580000,0x00000000e8f00000)
  from space 14336K, 99% used [0x00000000ea280000,0x00000000eb07ce00,0x00000000eb080000)
  to   space 19968K, 0% used [0x00000000e8f00000,0x00000000e8f00000,0x00000000ea280000)
 ParOldGen       total 83456K, used 22794K [0x0000000080000000, 0x0000000085180000, 0x00000000d5580000)
  object space 83456K, 27% used [0x0000000080000000,0x0000000081642b18,0x0000000085180000)
 Metaspace       used 48234K, capacity 50096K, committed 50344K, reserved 1093632K
  class space    used 6476K, capacity 6824K, committed 6832K, reserved 1048576K
}
Event: 36.598 GC heap before
{Heap before GC invocations=11 (full 2):
 PSYoungGen      total 335360K, used 119620K [0x00000000d5580000, 0x00000000ed480000, 0x0000000100000000)
  eden space 321024K, 32% used [0x00000000d5580000,0x00000000dbc543f0,0x00000000e8f00000)
  from space 14336K, 99% used [0x00000000ea280000,0x00000000eb07ce00,0x00000000eb080000)
  to   space 19968K, 0% used [0x00000000e8f00000,0x00000000e8f00000,0x00000000ea280000)
 ParOldGen       total 83456K, used 22794K [0x0000000080000000, 0x0000000085180000, 0x00000000d5580000)
  object space 83456K, 27% used [0x0000000080000000,0x0000000081642b18,0x0000000085180000)
 Metaspace       used 56793K, capacity 59136K, committed 59160K, reserved 1099776K
  class space    used 7761K, capacity 8237K, committed 8240K, reserved 1048576K
Event: 36.691 GC heap after
Heap after GC invocations=11 (full 2):
 PSYoungGen      total 340992K, used 19937K [0x00000000d5580000, 0x00000000f1e80000, 0x0000000100000000)
  eden space 321024K, 0% used [0x00000000d5580000,0x00000000d5580000,0x00000000e8f00000)
  from space 19968K, 99% used [0x00000000e8f00000,0x00000000ea278448,0x00000000ea280000)
  to   space 24064K, 0% used [0x00000000f0700000,0x00000000f0700000,0x00000000f1e80000)
 ParOldGen       total 83456K, used 25623K [0x0000000080000000, 0x0000000085180000, 0x00000000d5580000)
  object space 83456K, 30% used [0x0000000080000000,0x0000000081905e38,0x0000000085180000)
 Metaspace       used 56793K, capacity 59136K, committed 59160K, reserved 1099776K
  class space    used 7761K, capacity 8237K, committed 8240K, reserved 1048576K
}
Event: 36.691 GC heap before
{Heap before GC invocations=12 (full 3):
 PSYoungGen      total 340992K, used 19937K [0x00000000d5580000, 0x00000000f1e80000, 0x0000000100000000)
  eden space 321024K, 0% used [0x00000000d5580000,0x00000000d5580000,0x00000000e8f00000)
  from space 19968K, 99% used [0x00000000e8f00000,0x00000000ea278448,0x00000000ea280000)
  to   space 24064K, 0% used [0x00000000f0700000,0x00000000f0700000,0x00000000f1e80000)
 ParOldGen       total 83456K, used 25623K [0x0000000080000000, 0x0000000085180000, 0x00000000d5580000)
  object space 83456K, 30% used [0x0000000080000000,0x0000000081905e38,0x0000000085180000)
 Metaspace       used 56793K, capacity 59136K, committed 59160K, reserved 1099776K
  class space    used 7761K, capacity 8237K, committed 8240K, reserved 1048576K
Event: 37.032 GC heap after
Heap after GC invocations=12 (full 3):
 PSYoungGen      total 340992K, used 0K [0x00000000d5580000, 0x00000000f1e80000, 0x0000000100000000)
  eden space 321024K, 0% used [0x00000000d5580000,0x00000000d5580000,0x00000000e8f00000)
  from space 19968K, 0% used [0x00000000e8f00000,0x00000000e8f00000,0x00000000ea280000)
  to   space 24064K, 0% used [0x00000000f0700000,0x00000000f0700000,0x00000000f1e80000)
 ParOldGen       total 125440K, used 34562K [0x0000000080000000, 0x0000000087a80000, 0x00000000d5580000)
  object space 125440K, 27% used [0x0000000080000000,0x00000000821c0bd0,0x0000000087a80000)
 Metaspace       used 56772K, capacity 59064K, committed 59160K, reserved 1099776K
  class space    used 7754K, capacity 8225K, committed 8240K, reserved 1048576K
}
Event: 72.864 GC heap before
{Heap before GC invocations=13 (full 3):
 PSYoungGen      total 340992K, used 321024K [0x00000000d5580000, 0x00000000f1e80000, 0x0000000100000000)
  eden space 321024K, 100% used [0x00000000d5580000,0x00000000e8f00000,0x00000000e8f00000)
  from space 19968K, 0% used [0x00000000e8f00000,0x00000000e8f00000,0x00000000ea280000)
  to   space 24064K, 0% used [0x00000000f0700000,0x00000000f0700000,0x00000000f1e80000)
 ParOldGen       total 125440K, used 34562K [0x0000000080000000, 0x0000000087a80000, 0x00000000d5580000)
  object space 125440K, 27% used [0x0000000080000000,0x00000000821c0bd0,0x0000000087a80000)
 Metaspace       used 69873K, capacity 73050K, committed 73112K, reserved 1112064K
  class space    used 9540K, capacity 10138K, committed 10160K, reserved 1048576K
Event: 72.919 GC heap after
Heap after GC invocations=13 (full 3):
 PSYoungGen      total 422912K, used 24043K [0x00000000d5580000, 0x00000000f1e80000, 0x0000000100000000)
  eden space 398848K, 0% used [0x00000000d5580000,0x00000000d5580000,0x00000000edb00000)
  from space 24064K, 99% used [0x00000000f0700000,0x00000000f1e7ac58,0x00000000f1e80000)
  to   space 29184K, 0% used [0x00000000ee580000,0x00000000ee580000,0x00000000f0200000)
 ParOldGen       total 125440K, used 38700K [0x0000000080000000, 0x0000000087a80000, 0x00000000d5580000)
  object space 125440K, 30% used [0x0000000080000000,0x00000000825cb220,0x0000000087a80000)
 Metaspace       used 69873K, capacity 73050K, committed 73112K, reserved 1112064K
  class space    used 9540K, capacity 10138K, committed 10160K, reserved 1048576K
}
Event: 79.968 GC heap before
{Heap before GC invocations=14 (full 3):
 PSYoungGen      total 422912K, used 422891K [0x00000000d5580000, 0x00000000f1e80000, 0x0000000100000000)
  eden space 398848K, 100% used [0x00000000d5580000,0x00000000edb00000,0x00000000edb00000)
  from space 24064K, 99% used [0x00000000f0700000,0x00000000f1e7ac58,0x00000000f1e80000)
  to   space 29184K, 0% used [0x00000000ee580000,0x00000000ee580000,0x00000000f0200000)
 ParOldGen       total 125440K, used 38700K [0x0000000080000000, 0x0000000087a80000, 0x00000000d5580000)
  object space 125440K, 30% used [0x0000000080000000,0x00000000825cb220,0x0000000087a80000)
 Metaspace       used 79404K, capacity 83632K, committed 83864K, reserved 1122304K
  class space    used 10833K, capacity 11609K, committed 11696K, reserved 1048576K
Event: 80.147 GC heap after
Heap after GC invocations=14 (full 3):
 PSYoungGen      total 438784K, used 29170K [0x00000000d5580000, 0x00000000f9980000, 0x0000000100000000)
  eden space 409600K, 0% used [0x00000000d5580000,0x00000000d5580000,0x00000000ee580000)
  from space 29184K, 99% used [0x00000000ee580000,0x00000000f01fc9f8,0x00000000f0200000)
  to   space 41472K, 0% used [0x00000000f7100000,0x00000000f7100000,0x00000000f9980000)
 ParOldGen       total 125440K, used 60320K [0x0000000080000000, 0x0000000087a80000, 0x00000000d5580000)
  object space 125440K, 48% used [0x0000000080000000,0x0000000083ae8248,0x0000000087a80000)
 Metaspace       used 79404K, capacity 83632K, committed 83864K, reserved 1122304K
  class space    used 10833K, capacity 11609K, committed 11696K, reserved 1048576K
}

