# JRE version: OpenJDK Runtime Environment (8.0_242-b01) (build 1.8.0_242-release-1644-b01)
# Java VM: OpenJDK 64-Bit Server VM (25.242-b01 mixed mode windows-amd64 compressed oops)
Heap:
 PSYoungGen      total 114688K, used 48871K [0x00000000d5580000, 0x00000000de280000, 0x0000000100000000)
  eden space 100352K, 35% used [0x00000000d5580000,0x00000000d788eb98,0x00000000db780000)
  from space 14336K, 90% used [0x00000000db780000,0x00000000dc42b0e0,0x00000000dc580000)
  to   space 15872K, 0% used [0x00000000dd300000,0x00000000dd300000,0x00000000de280000)
 ParOldGen       total 120320K, used 30332K [0x0000000080000000, 0x0000000087580000, 0x00000000d5580000)
  object space 120320K, 25% used [0x0000000080000000,0x0000000081d9f0f0,0x0000000087580000)
 Metaspace       used 67354K, capacity 70484K, committed 70552K, reserved 1110016K
  class space    used 9235K, capacity 9843K, committed 9904K, reserved 1048576K
GC Heap History (10 events):
Event: 53.859 GC heap before
{Heap before GC invocations=18 (full 2):
 PSYoungGen      total 82432K, used 82415K [0x00000000d5580000, 0x00000000dc880000, 0x0000000100000000)
  eden space 71680K, 100% used [0x00000000d5580000,0x00000000d9b80000,0x00000000d9b80000)
  from space 10752K, 99% used [0x00000000d9b80000,0x00000000da5fbf88,0x00000000da600000)
  to   space 14336K, 0% used [0x00000000dba80000,0x00000000dba80000,0x00000000dc880000)
 ParOldGen       total 78848K, used 21403K [0x0000000080000000, 0x0000000084d00000, 0x00000000d5580000)
  object space 78848K, 27% used [0x0000000080000000,0x00000000814e6c40,0x0000000084d00000)
 Metaspace       used 55092K, capacity 57330K, committed 57384K, reserved 1099776K
  class space    used 7497K, capacity 7964K, committed 7984K, reserved 1048576K
Event: 53.900 GC heap after
Heap after GC invocations=18 (full 2):
 PSYoungGen      total 102912K, used 9581K [0x00000000d5580000, 0x00000000dc900000, 0x0000000100000000)
  eden space 88576K, 0% used [0x00000000d5580000,0x00000000d5580000,0x00000000dac00000)
  from space 14336K, 66% used [0x00000000dba80000,0x00000000dc3db6e8,0x00000000dc880000)
  to   space 14848K, 0% used [0x00000000dac00000,0x00000000dac00000,0x00000000dba80000)
 ParOldGen       total 78848K, used 26510K [0x0000000080000000, 0x0000000084d00000, 0x00000000d5580000)
  object space 78848K, 33% used [0x0000000080000000,0x00000000819e3a30,0x0000000084d00000)
 Metaspace       used 55092K, capacity 57330K, committed 57384K, reserved 1099776K
  class space    used 7497K, capacity 7964K, committed 7984K, reserved 1048576K
}
Event: 55.809 GC heap before
{Heap before GC invocations=19 (full 2):
 PSYoungGen      total 102912K, used 35090K [0x00000000d5580000, 0x00000000dc900000, 0x0000000100000000)
  eden space 88576K, 28% used [0x00000000d5580000,0x00000000d6e691f8,0x00000000dac00000)
  from space 14336K, 66% used [0x00000000dba80000,0x00000000dc3db6e8,0x00000000dc880000)
  to   space 14848K, 0% used [0x00000000dac00000,0x00000000dac00000,0x00000000dba80000)
 ParOldGen       total 78848K, used 26510K [0x0000000080000000, 0x0000000084d00000, 0x00000000d5580000)
  object space 78848K, 33% used [0x0000000080000000,0x00000000819e3a30,0x0000000084d00000)
 Metaspace       used 56849K, capacity 59116K, committed 59160K, reserved 1099776K
  class space    used 7770K, capacity 8231K, committed 8240K, reserved 1048576K
Event: 55.829 GC heap after
Heap after GC invocations=19 (full 2):
 PSYoungGen      total 103424K, used 7452K [0x00000000d5580000, 0x00000000dd680000, 0x0000000100000000)
  eden space 88576K, 0% used [0x00000000d5580000,0x00000000d5580000,0x00000000dac00000)
  from space 14848K, 50% used [0x00000000dac00000,0x00000000db3471f0,0x00000000dba80000)
  to   space 14336K, 0% used [0x00000000dc880000,0x00000000dc880000,0x00000000dd680000)
 ParOldGen       total 78848K, used 26518K [0x0000000080000000, 0x0000000084d00000, 0x00000000d5580000)
  object space 78848K, 33% used [0x0000000080000000,0x00000000819e5a30,0x0000000084d00000)
 Metaspace       used 56849K, capacity 59116K, committed 59160K, reserved 1099776K
  class space    used 7770K, capacity 8231K, committed 8240K, reserved 1048576K
}
Event: 55.829 GC heap before
{Heap before GC invocations=20 (full 3):
 PSYoungGen      total 103424K, used 7452K [0x00000000d5580000, 0x00000000dd680000, 0x0000000100000000)
  eden space 88576K, 0% used [0x00000000d5580000,0x00000000d5580000,0x00000000dac00000)
  from space 14848K, 50% used [0x00000000dac00000,0x00000000db3471f0,0x00000000dba80000)
  to   space 14336K, 0% used [0x00000000dc880000,0x00000000dc880000,0x00000000dd680000)
 ParOldGen       total 78848K, used 26518K [0x0000000080000000, 0x0000000084d00000, 0x00000000d5580000)
  object space 78848K, 33% used [0x0000000080000000,0x00000000819e5a30,0x0000000084d00000)
 Metaspace       used 56849K, capacity 59116K, committed 59160K, reserved 1099776K
  class space    used 7770K, capacity 8231K, committed 8240K, reserved 1048576K
Event: 56.411 GC heap after
Heap after GC invocations=20 (full 3):
 PSYoungGen      total 103424K, used 0K [0x00000000d5580000, 0x00000000dd680000, 0x0000000100000000)
  eden space 88576K, 0% used [0x00000000d5580000,0x00000000d5580000,0x00000000dac00000)
  from space 14848K, 0% used [0x00000000dac00000,0x00000000dac00000,0x00000000dba80000)
  to   space 14336K, 0% used [0x00000000dc880000,0x00000000dc880000,0x00000000dd680000)
 ParOldGen       total 120320K, used 30316K [0x0000000080000000, 0x0000000087580000, 0x00000000d5580000)
  object space 120320K, 25% used [0x0000000080000000,0x0000000081d9b0f0,0x0000000087580000)
 Metaspace       used 56840K, capacity 59086K, committed 59160K, reserved 1099776K
  class space    used 7767K, capacity 8226K, committed 8240K, reserved 1048576K
}
Event: 63.770 GC heap before
{Heap before GC invocations=21 (full 3):
 PSYoungGen      total 103424K, used 88576K [0x00000000d5580000, 0x00000000dd680000, 0x0000000100000000)
  eden space 88576K, 100% used [0x00000000d5580000,0x00000000dac00000,0x00000000dac00000)
  from space 14848K, 0% used [0x00000000dac00000,0x00000000dac00000,0x00000000dba80000)
  to   space 14336K, 0% used [0x00000000dc880000,0x00000000dc880000,0x00000000dd680000)
 ParOldGen       total 120320K, used 30316K [0x0000000080000000, 0x0000000087580000, 0x00000000d5580000)
  object space 120320K, 25% used [0x0000000080000000,0x0000000081d9b0f0,0x0000000087580000)
 Metaspace       used 62601K, capacity 65360K, committed 65560K, reserved 1105920K
  class space    used 8696K, capacity 9221K, committed 9264K, reserved 1048576K
Event: 63.799 GC heap after
Heap after GC invocations=21 (full 3):
 PSYoungGen      total 111616K, used 9427K [0x00000000d5580000, 0x00000000dd380000, 0x0000000100000000)
  eden space 100352K, 0% used [0x00000000d5580000,0x00000000d5580000,0x00000000db780000)
  from space 11264K, 83% used [0x00000000dc880000,0x00000000dd1b4e00,0x00000000dd380000)
  to   space 14336K, 0% used [0x00000000db780000,0x00000000db780000,0x00000000dc580000)
 ParOldGen       total 120320K, used 30324K [0x0000000080000000, 0x0000000087580000, 0x00000000d5580000)
  object space 120320K, 25% used [0x0000000080000000,0x0000000081d9d0f0,0x0000000087580000)
 Metaspace       used 62601K, capacity 65360K, committed 65560K, reserved 1105920K
  class space    used 8696K, capacity 9221K, committed 9264K, reserved 1048576K
}
Event: 69.426 GC heap before
{Heap before GC invocations=22 (full 3):
 PSYoungGen      total 111616K, used 109779K [0x00000000d5580000, 0x00000000dd380000, 0x0000000100000000)
  eden space 100352K, 100% used [0x00000000d5580000,0x00000000db780000,0x00000000db780000)
  from space 11264K, 83% used [0x00000000dc880000,0x00000000dd1b4e00,0x00000000dd380000)
  to   space 14336K, 0% used [0x00000000db780000,0x00000000db780000,0x00000000dc580000)
 ParOldGen       total 120320K, used 30324K [0x0000000080000000, 0x0000000087580000, 0x00000000d5580000)
  object space 120320K, 25% used [0x0000000080000000,0x0000000081d9d0f0,0x0000000087580000)
 Metaspace       used 65177K, capacity 68098K, committed 68248K, reserved 1107968K
  class space    used 8977K, capacity 9552K, committed 9648K, reserved 1048576K
Event: 69.455 GC heap after
Heap after GC invocations=22 (full 3):
 PSYoungGen      total 114688K, used 12972K [0x00000000d5580000, 0x00000000de280000, 0x0000000100000000)
  eden space 100352K, 0% used [0x00000000d5580000,0x00000000d5580000,0x00000000db780000)
  from space 14336K, 90% used [0x00000000db780000,0x00000000dc42b0e0,0x00000000dc580000)
  to   space 15872K, 0% used [0x00000000dd300000,0x00000000dd300000,0x00000000de280000)
 ParOldGen       total 120320K, used 30332K [0x0000000080000000, 0x0000000087580000, 0x00000000d5580000)
  object space 120320K, 25% used [0x0000000080000000,0x0000000081d9f0f0,0x0000000087580000)
 Metaspace       used 65177K, capacity 68098K, committed 68248K, reserved 1107968K
  class space    used 8977K, capacity 9552K, committed 9648K, reserved 1048576K
}

